#
# There is insufficient memory for the Java Runtime Environment to continue.
# Native memory allocation (mmap) failed to map 534773760 bytes. Error detail: G1 virtual space
# Possible reasons:
#   The system is out of physical RAM or swap space
#   This process is running with CompressedOops enabled, and the Java Heap may be blocking the growth of the native heap
# Possible solutions:
#   Reduce memory load on the system
#   Increase physical memory or swap space
#   Check if swap backing store is full
#   Decrease Java heap size (-Xmx/-Xms)
#   Decrease number of Java threads
#   Decrease Java thread stack sizes (-Xss)
#   Set larger code cache with -XX:ReservedCodeCacheSize=
#   JVM is running with Unscaled Compressed Oops mode in which the Java heap is
#     placed in the first 4GB address space. The Java Heap base address is the
#     maximum limit for the native heap growth. Please use -XX:HeapBaseMinAddress
#     to set the Java Heap base and to place the Java Heap above 4GB virtual address.
# This output file may be truncated or incomplete.
#
#  Out of Memory Error (os_windows.cpp:3618), pid=30548, tid=17720
#
# JRE version:  (17.0.14+7) (build )
# Java VM: OpenJDK 64-Bit Server VM (17.0.14+7-LTS, mixed mode, sharing, tiered, compressed oops, compressed class ptrs, g1 gc, windows-amd64)
# No core dump will be written. Minidumps are not enabled by default on client versions of Windows
#

---------------  S U M M A R Y ------------

Command Line: -Dorg.gradle.internal.worker.tmpdir=C:\Users\sunmoon\IdeaProjects\springboot-developer\build\tmp\test\work -Xmx512m -Dfile.encoding=UTF-8 -Duser.country=KR -Duser.language=ko -Duser.variant -ea worker.org.gradle.process.internal.worker.GradleWorkerMain 'Gradle Test Executor 1'

Host: 12th Gen Intel(R) Core(TM) i7-12700, 20 cores, 31G,  Windows 10 , 64 bit Build 19041 (10.0.19041.5198)
Time: Thu Feb  6 17:05:29 2025  Windows 10 , 64 bit Build 19041 (10.0.19041.5198) elapsed time: 0.007829 seconds (0d 0h 0m 0s)

---------------  T H R E A D  ---------------

Current thread (0x000001a1b6f79950):  JavaThread "Unknown thread" [_thread_in_vm, id=17720, stack(0x0000000100600000,0x0000000100700000)]

Stack: [0x0000000100600000,0x0000000100700000]
Native frames: (J=compiled Java code, j=interpreted, Vv=VM code, C=native code)
V  [jvm.dll+0x681069]
V  [jvm.dll+0x838cca]
V  [jvm.dll+0x83a78e]
V  [jvm.dll+0x83adf3]
V  [jvm.dll+0x24826f]
V  [jvm.dll+0x67dd99]
V  [jvm.dll+0x67286a]
V  [jvm.dll+0x30826b]
V  [jvm.dll+0x30f756]
V  [jvm.dll+0x35face]
V  [jvm.dll+0x35fd0f]
V  [jvm.dll+0x2df21c]
V  [jvm.dll+0x2e0174]
V  [jvm.dll+0x80a48b]
V  [jvm.dll+0x36d841]
V  [jvm.dll+0x7e8db5]
V  [jvm.dll+0x3f154f]
V  [jvm.dll+0x3f30c1]
C  [jli.dll+0x52ab]
C  [ucrtbase.dll+0x21bb2]
C  [KERNEL32.DLL+0x17374]
C  [ntdll.dll+0x4cc91]


---------------  P R O C E S S  ---------------

Threads class SMR info:
_java_thread_list=0x00007ffe3e3f8f18, length=0, elements={
}

Java Threads: ( => current thread )

Other Threads:
  0x000001a1b6fa8820 GCTaskThread "GC Thread#0" [stack: 0x0000000100700000,0x0000000100800000] [id=19616]
  0x000001a1b6fae690 ConcurrentGCThread "G1 Main Marker" [stack: 0x0000000100800000,0x0000000100900000] [id=1244]
  0x000001a1b6faf760 ConcurrentGCThread "G1 Conc#0" [stack: 0x0000000100900000,0x0000000100a00000] [id=29020]

[error occurred during error reporting (printing all threads), id 0xc0000005, EXCEPTION_ACCESS_VIOLATION (0xc0000005) at pc=0x00007ffe3dbaf957]

VM state: not at safepoint (not fully initialized)

VM Mutex/Monitor currently owned by a thread:  ([mutex/lock_event])
[0x000001a1b6f75000] Heap_lock - owner thread: 0x000001a1b6f79950

Heap address: 0x00000000e0000000, size: 512 MB, Compressed Oops mode: 32-bit

CDS archive(s) mapped at: [0x0000000000000000-0x0000000000000000-0x0000000000000000), size 0, SharedBaseAddress: 0x0000000800000000, ArchiveRelocationMode: 1.
Narrow klass base: 0x0000000000000000, Narrow klass shift: 0, Narrow klass range: 0x0

GC Precious Log:
<Empty>

Heap:
 garbage-first heap   total 0K, used 0K [0x00000000e0000000, 0x0000000100000000)
  region size 1024K, 0 young (0K), 0 survivors (0K)

[error occurred during error reporting (printing heap information), id 0xc0000005, EXCEPTION_ACCESS_VIOLATION (0xc0000005) at pc=0x00007ffe3df9a2b9]

GC Heap History (0 events):
No events

Dll operation events (1 events):
Event: 0.005 Loaded shared library C:\Users\sunmoon\.jdks\corretto-17.0.14\bin\java.dll

Deoptimization events (0 events):
No events

Classes loaded (0 events):
No events

Classes unloaded (0 events):
No events

Classes redefined (0 events):
No events

Internal exceptions (0 events):
No events

VM Operations (0 events):
No events

Memory protections (0 events):
No events

Nmethod flushes (0 events):
No events

Events (0 events):
No events


Dynamic libraries:
0x00007ff6ccb30000 - 0x00007ff6ccb3e000 	C:\Users\sunmoon\.jdks\corretto-17.0.14\bin\java.exe
0x00007ffefc590000 - 0x00007ffefc788000 	C:\Windows\SYSTEM32\ntdll.dll
0x00007ffefb860000 - 0x00007ffefb922000 	C:\Windows\System32\KERNEL32.DLL
0x00007ffef9c40000 - 0x00007ffef9f3f000 	C:\Windows\System32\KERNELBASE.dll
0x00007ffefa240000 - 0x00007ffefa340000 	C:\Windows\System32\ucrtbase.dll
0x00007ffed0130000 - 0x00007ffed0147000 	C:\Users\sunmoon\.jdks\corretto-17.0.14\bin\jli.dll
0x00007ffecb4b0000 - 0x00007ffecb4cb000 	C:\Users\sunmoon\.jdks\corretto-17.0.14\bin\VCRUNTIME140.dll
0x00007ffefb6c0000 - 0x00007ffefb85d000 	C:\Windows\System32\USER32.dll
0x00007ffefa210000 - 0x00007ffefa232000 	C:\Windows\System32\win32u.dll
0x00007ffefac20000 - 0x00007ffefac4b000 	C:\Windows\System32\GDI32.dll
0x00007ffef9fd0000 - 0x00007ffefa0e7000 	C:\Windows\System32\gdi32full.dll
0x00007ffeda0a0000 - 0x00007ffeda33a000 	C:\Windows\WinSxS\amd64_microsoft.windows.common-controls_6595b64144ccf1df_6.0.19041.4355_none_60b8b9eb71f62e16\COMCTL32.dll
0x00007ffefa340000 - 0x00007ffefa3dd000 	C:\Windows\System32\msvcp_win.dll
0x00007ffefb620000 - 0x00007ffefb6be000 	C:\Windows\System32\msvcrt.dll
0x00007ffefc110000 - 0x00007ffefc13f000 	C:\Windows\System32\IMM32.DLL
0x00007ffede430000 - 0x00007ffede43c000 	C:\Users\sunmoon\.jdks\corretto-17.0.14\bin\vcruntime140_1.dll
0x00007ffe56da0000 - 0x00007ffe56e2d000 	C:\Users\sunmoon\.jdks\corretto-17.0.14\bin\msvcp140.dll
0x00007ffe3d8c0000 - 0x00007ffe3e52c000 	C:\Users\sunmoon\.jdks\corretto-17.0.14\bin\server\jvm.dll
0x00007ffefc460000 - 0x00007ffefc511000 	C:\Windows\System32\ADVAPI32.dll
0x00007ffefb930000 - 0x00007ffefb9cf000 	C:\Windows\System32\sechost.dll
0x00007ffefaa90000 - 0x00007ffefabb3000 	C:\Windows\System32\RPCRT4.dll
0x00007ffefa3e0000 - 0x00007ffefa407000 	C:\Windows\System32\bcrypt.dll
0x00007ffefbb00000 - 0x00007ffefbb6b000 	C:\Windows\System32\WS2_32.dll
0x00007ffef90f0000 - 0x00007ffef913b000 	C:\Windows\SYSTEM32\POWRPROF.dll
0x00007ffef22d0000 - 0x00007ffef22da000 	C:\Windows\SYSTEM32\VERSION.dll
0x00007ffeecfa0000 - 0x00007ffeecfc7000 	C:\Windows\SYSTEM32\WINMM.dll
0x00007ffef8fb0000 - 0x00007ffef8fc2000 	C:\Windows\SYSTEM32\UMPDC.dll
0x00007ffef7a50000 - 0x00007ffef7a62000 	C:\Windows\SYSTEM32\kernel.appcore.dll
0x00007ffed7580000 - 0x00007ffed758a000 	C:\Users\sunmoon\.jdks\corretto-17.0.14\bin\jimage.dll
0x00007ffef16d0000 - 0x00007ffef18b4000 	C:\Windows\SYSTEM32\DBGHELP.DLL
0x00007ffef15c0000 - 0x00007ffef15f4000 	C:\Windows\SYSTEM32\dbgcore.DLL
0x00007ffef9f40000 - 0x00007ffef9fc2000 	C:\Windows\System32\bcryptPrimitives.dll
0x00007ffebe080000 - 0x00007ffebe0a5000 	C:\Users\sunmoon\.jdks\corretto-17.0.14\bin\java.dll

dbghelp: loaded successfully - version: 4.0.5 - missing functions: none
symbol engine: initialized successfully - sym options: 0x614 - pdb path: .;C:\Users\sunmoon\.jdks\corretto-17.0.14\bin;C:\Windows\SYSTEM32;C:\Windows\WinSxS\amd64_microsoft.windows.common-controls_6595b64144ccf1df_6.0.19041.4355_none_60b8b9eb71f62e16;C:\Users\sunmoon\.jdks\corretto-17.0.14\bin\server

VM Arguments:
jvm_args: -Dorg.gradle.internal.worker.tmpdir=C:\Users\sunmoon\IdeaProjects\springboot-developer\build\tmp\test\work -Xmx512m -Dfile.encoding=UTF-8 -Duser.country=KR -Duser.language=ko -Duser.variant -ea 
java_command: worker.org.gradle.process.internal.worker.GradleWorkerMain 'Gradle Test Executor 1'
java_class_path (initial): C:\\Users\\sunmoon\\.gradle\\caches\\8.10\\workerMain\\gradle-worker.jar;C:\\Users\\sunmoon\\IdeaProjects\\springboot-developer\\build\\classes\\java\\test;C:\\Users\\sunmoon\\IdeaProjects\\springboot-developer\\build\\classes\\java\\main;C:\\Users\\sunmoon\\IdeaProjects\\springboot-developer\\build\\resources\\main;C:\\Users\\sunmoon\\.gradle\\caches\\modules-2\\files-2.1\\org.springframework.boot\\spring-boot-starter-web\\3.0.2\\3f6a2cb4cb11bac3611f5a95e234589eb190dd29\\spring-boot-starter-web-3.0.2.jar;C:\\Users\\sunmoon\\.gradle\\caches\\modules-2\\files-2.1\\org.springframework.boot\\spring-boot-starter-data-jpa\\3.0.2\\fc0dbe82effb33d3d89b4cf2ec6b7968ad2af558\\spring-boot-starter-data-jpa-3.0.2.jar;C:\\Users\\sunmoon\\.gradle\\caches\\modules-2\\files-2.1\\com.h2database\\h2\\2.1.214\\d5c2005c9e3279201e12d4776c948578b16bf8b2\\h2-2.1.214.jar;C:\\Users\\sunmoon\\.gradle\\caches\\modules-2\\files-2.1\\org.springframework.boot\\spring-boot-starter-test\\3.0.2\\167ec01ebb1d4d5f955aa25e027fe25336116925\\spring-boot-starter-test-3.0.2.jar;C:\\Users\\sunmoon\\.gradle\\caches\\modules-2\\files-2.1\\org.springframework.boot\\spring-boot-starter-json\\3.0.2\\11b9a2903af9014696d2576605bb73e8bca6ee19\\spring-boot-starter-json-3.0.2.jar;C:\\Users\\sunmoon\\.gradle\\caches\\modules-2\\files-2.1\\org.springframework.boot\\spring-boot-starter-aop\\3.0.2\\cfb3ff6a7f8d47c9703f140387f39a837b81ab52\\spring-boot-starter-aop-3.0.2.jar;C:\\Users\\sunmoon\\.gradle\\caches\\modules-2\\files-2.1\\org.springframework.boot\\spring-boot-starter-jdbc\\3.0.2\\662285456edce14301de88fc0ab4937643a51b50\\spring-boot-starter-jdbc-3.0.2.jar;C:\\Users\\sunmoon\\.gradle\\caches\\modules-2\\files-2.1\\org.springframework.boot\\spring-boot-starter\\3.0.2\\a9426629b5a83ad64fbe4e1d24081cccf4cdab14\\spring-boot-starter-3.0.2.jar;C:\\Users\\sunmoon\\.gradle\\caches\\modules-2\\files-2.1\\org.springframework.boot\\spring-boot-starter-tomcat\\3.0.2\\4d50f0cdcb4b8f74221ae823dd77c
Launcher Type: SUN_STANDARD

[Global flags]
     intx CICompilerCount                          = 12                                        {product} {ergonomic}
     uint ConcGCThreads                            = 4                                         {product} {ergonomic}
     uint G1ConcRefinementThreads                  = 15                                        {product} {ergonomic}
   size_t G1HeapRegionSize                         = 1048576                                   {product} {ergonomic}
    uintx GCDrainStackTargetSize                   = 64                                        {product} {ergonomic}
   size_t InitialHeapSize                          = 534773760                                 {product} {ergonomic}
   size_t MarkStackSize                            = 4194304                                   {product} {ergonomic}
   size_t MaxHeapSize                              = 536870912                                 {product} {command line}
   size_t MinHeapDeltaBytes                        = 1048576                                   {product} {ergonomic}
   size_t MinHeapSize                              = 8388608                                   {product} {ergonomic}
    uintx NonNMethodCodeHeapSize                   = 7602480                                {pd product} {ergonomic}
    uintx NonProfiledCodeHeapSize                  = 122027880                              {pd product} {ergonomic}
    uintx ProfiledCodeHeapSize                     = 122027880                              {pd product} {ergonomic}
    uintx ReservedCodeCacheSize                    = 251658240                              {pd product} {ergonomic}
     bool SegmentedCodeCache                       = true                                      {product} {ergonomic}
   size_t SoftMaxHeapSize                          = 536870912                              {manageable} {ergonomic}
     bool UseCompressedClassPointers               = true                           {product lp64_product} {ergonomic}
     bool UseCompressedOops                        = true                           {product lp64_product} {ergonomic}
     bool UseG1GC                                  = true                                      {product} {ergonomic}
     bool UseLargePagesIndividualAllocation        = false                                  {pd product} {ergonomic}

Logging:
Log output configuration:
 #0: stdout all=warning uptime,level,tags
 #1: stderr all=off uptime,level,tags

Environment Variables:
JAVA_HOME=C:\Program Files\Java\openjdk-15.0.2
PATH=C:\Program Files\Java\openjdk-15.0.2\bin;C:\Program Files\NVIDIA\CUDNN\v9.5\bin;C:\Program Files\NVIDIA GPU Computing Toolkit\CUDA\v12.6\bin;C:\Program Files\NVIDIA GPU Computing Toolkit\CUDA\v12.6\libnvvp;C:\Program Files\MySQL\MySQL Server 8.0\bin;C:\Program Files\Common Files\Oracle\Java\javapath;C:\Program Files (x86)\Common Files\Oracle\Java\java8path;C:\Program Files (x86)\Common Files\Oracle\Java\javapath;C:\Program Files\Eclipse Adoptium\jdk-21.0.4.7-hotspot\bin;C:\app\client\sunmoon\product\12.2.0\client_1\bin;C:\Windows\system32;C:\Windows;C:\Windows\System32\Wbem;C:\Windows\System32\WindowsPowerShell\v1.0\;C:\Windows\System32\OpenSSH\;C:\Program Files (x86)\NVIDIA Corporation\PhysX\Common;C:\Program Files\NVIDIA Corporation\NVIDIA NvDLISR;C:\Program Files\NVIDIA Corporation\Nsight Compute 2024.3.2\;C:\Program Files\Git\cmd;C:\Users\sunmoon\AppData\Local\Programs\Python\Python313\Scripts\;C:\Users\sunmoon\AppData\Local\Programs\Python\Python313\;C:\Users\sunmoon\AppData\Local\Programs\Python\Launcher\;C:\Users\sunmoon\anaconda3;C:\Users\sunmoon\anaconda3\Library\mingw-w64\bin;C:\Users\sunmoon\anaconda3\Library\usr\bin;C:\Users\sunmoon\anaconda3\Library\bin;C:\Users\sunmoon\anaconda3\Scripts;C:\Users\sunmoon\AppData\Local\Microsoft\WindowsApps;C:\Program Files\JetBrains\PyCharm Community Edition 2024.3.1.1\bin;;C:\Program Files\JetBrains\IntelliJ IDEA 2024.2.4\bin;;C:\Users\sunmoon\AppData\Local\Programs\Microsoft VS Code\bin;C:\Program Files (x86)\ESTsoft\ALSee\x64
USERNAME=sunmoon
OS=Windows_NT
PROCESSOR_IDENTIFIER=Intel64 Family 6 Model 151 Stepping 2, GenuineIntel
TMP=C:\Users\sunmoon\AppData\Local\Temp
TEMP=C:\Users\sunmoon\AppData\Local\Temp



Periodic native trim disabled


---------------  S Y S T E M  ---------------

OS:
 Windows 10 , 64 bit Build 19041 (10.0.19041.5198)
OS uptime: 11 days 20:10 hours
Hyper-V role detected

CPU: total 20 (initial active 20) (10 cores per cpu, 2 threads per core) family 6 model 151 stepping 2 microcode 0x1a, cx8, cmov, fxsr, ht, mmx, 3dnowpref, sse, sse2, sse3, ssse3, sse4.1, sse4.2, popcnt, lzcnt, tsc, tscinvbit, avx, avx2, aes, erms, clmul, bmi1, bmi2, adx, sha, fma, vzeroupper, clflush, clflushopt, clwb, hv
Processor Information for processor 0
  Max Mhz: 2100, Current Mhz: 2100, Mhz Limit: 1596
Processor Information for processor 1
  Max Mhz: 2100, Current Mhz: 2100, Mhz Limit: 2100
Processor Information for processor 2
  Max Mhz: 2100, Current Mhz: 2100, Mhz Limit: 2100
Processor Information for processor 3
  Max Mhz: 2100, Current Mhz: 2100, Mhz Limit: 2100
Processor Information for processor 4
  Max Mhz: 2100, Current Mhz: 2100, Mhz Limit: 2100
Processor Information for processor 5
  Max Mhz: 2100, Current Mhz: 2100, Mhz Limit: 2100
Processor Information for processor 6
  Max Mhz: 2100, Current Mhz: 2100, Mhz Limit: 2100
Processor Information for processor 7
  Max Mhz: 2100, Current Mhz: 2100, Mhz Limit: 2100
Processor Information for processor 8
  Max Mhz: 2100, Current Mhz: 2100, Mhz Limit: 2100
Processor Information for processor 9
  Max Mhz: 2100, Current Mhz: 2100, Mhz Limit: 2100
Processor Information for processor 10
  Max Mhz: 2100, Current Mhz: 2100, Mhz Limit: 2100
Processor Information for processor 11
  Max Mhz: 2100, Current Mhz: 2100, Mhz Limit: 2100
Processor Information for processor 12
  Max Mhz: 2100, Current Mhz: 2100, Mhz Limit: 2100
Processor Information for processor 13
  Max Mhz: 2100, Current Mhz: 2100, Mhz Limit: 2100
Processor Information for processor 14
  Max Mhz: 2100, Current Mhz: 2100, Mhz Limit: 2100
Processor Information for processor 15
  Max Mhz: 2100, Current Mhz: 2100, Mhz Limit: 2100
Processor Information for processor 16
  Max Mhz: 2100, Current Mhz: 1600, Mhz Limit: 1596
Processor Information for processor 17
  Max Mhz: 2100, Current Mhz: 1600, Mhz Limit: 1596
Processor Information for processor 18
  Max Mhz: 2100, Current Mhz: 1600, Mhz Limit: 1596
Processor Information for processor 19
  Max Mhz: 2100, Current Mhz: 1600, Mhz Limit: 1596

Memory: 4k page, system-wide physical 32541M (9985M free)
TotalPageFile size 93507M (AvailPageFile size 435M)
current process WorkingSet (physical memory assigned to process): 10M, peak: 10M
current process commit charge ("private bytes"): 74M, peak: 584M

vm_info: OpenJDK 64-Bit Server VM (17.0.14+7-LTS) for windows-amd64 JRE (17.0.14+7-LTS), built on Jan  7 2025 20:14:24 by "Administrator" with MS VC++ 16.10 / 16.11 (VS2019)

END.
